JetPackCompose/app/build/intermediates/manifest_merge_blame_file/debug/manifest-merger-blame-debug-report.txt
1<?xml version="1.0" encoding="utf-8"?>
2<manifest xmlns:android="http://schemas.android.com/apk/res/android"
3    package="com.example.jetpackcomposepractice"
4    android:versionCode="1"
5    android:versionName="1.0" >
6
7    <uses-sdk
8        android:minSdkVersion="21"
8-->src/main/AndroidManifest.xml
9        android:targetSdkVersion="32" />
9-->src/main/AndroidManifest.xml
10
11    <uses-permission android:name="android.permission.INTERNET" />
11-->src/main/AndroidManifest.xml:6:5-67
11-->src/main/AndroidManifest.xml:6:22-64
12
13    <application
13-->src/main/AndroidManifest.xml:8:5-34:19
14        android:allowBackup="true"
14-->src/main/AndroidManifest.xml:9:9-35
15        android:appComponentFactory="androidx.core.app.CoreComponentFactory"
15-->[androidx.core:core:1.7.0] AndroidManifest.xml:24:18-86
16        android:dataExtractionRules="@xml/data_extraction_rules"
16-->src/main/AndroidManifest.xml:10:9-65
17        android:debuggable="true"
18        android:fullBackupContent="@xml/backup_rules"
18-->src/main/AndroidManifest.xml:11:9-54
19        android:icon="@mipmap/ic_launcher"
19-->src/main/AndroidManifest.xml:12:9-43
20        android:label="@string/app_name"
20-->src/main/AndroidManifest.xml:13:9-41
21        android:roundIcon="@mipmap/ic_launcher_round"
21-->src/main/AndroidManifest.xml:14:9-54
22        android:supportsRtl="true"
22-->src/main/AndroidManifest.xml:15:9-35
23        android:testOnly="true"
24        android:theme="@style/Theme.JetPackComposePractice" >
24-->src/main/AndroidManifest.xml:16:9-60
25        <activity
25-->src/main/AndroidManifest.xml:18:9-22:67
26            android:name="com.example.jetpackcomposepractice.LazyColumnActivity"
26-->src/main/AndroidManifest.xml:19:13-47
27            android:exported="false"
27-->src/main/AndroidManifest.xml:20:13-37
28            android:label="@string/title_activity_another"
28-->src/main/AndroidManifest.xml:21:13-59
29            android:theme="@style/Theme.JetPackComposePractice" />
29-->src/main/AndroidManifest.xml:22:13-64
30        <activity
30-->src/main/AndroidManifest.xml:23:9-33:20
31            android:name="com.example.jetpackcomposepractice.MainActivity"
31-->src/main/AndroidManifest.xml:24:13-41
32            android:exported="true"
32-->src/main/AndroidManifest.xml:25:13-36
33            android:label="@string/app_name"
33-->src/main/AndroidManifest.xml:26:13-45
34            android:theme="@style/Theme.JetPackComposePractice" >
34-->src/main/AndroidManifest.xml:27:13-64
35            <intent-filter>
35-->src/main/AndroidManifest.xml:28:13-32:29
36                <action android:name="android.intent.action.MAIN" />
36-->src/main/AndroidManifest.xml:29:17-69
36-->src/main/AndroidManifest.xml:29:25-66
37
38                <category android:name="android.intent.category.LAUNCHER" />
38-->src/main/AndroidManifest.xml:31:17-77
38-->src/main/AndroidManifest.xml:31:27-74
39            </intent-filter>
40        </activity>
41
42        <service
42-->[androidx.room:room-runtime:2.5.0-alpha02] AndroidManifest.xml:25:9-29:63
43            android:name="androidx.room.MultiInstanceInvalidationService"
43-->[androidx.room:room-runtime:2.5.0-alpha02] AndroidManifest.xml:26:13-74
44            android:directBootAware="true"
44-->[androidx.room:room-runtime:2.5.0-alpha02] AndroidManifest.xml:27:13-43
45            android:exported="false" />
45-->[androidx.room:room-runtime:2.5.0-alpha02] AndroidManifest.xml:28:13-37
46
47        <activity
47-->[androidx.compose.ui:ui-tooling:1.1.0-beta01] AndroidManifest.xml:25:9-27:39
48            android:name="androidx.compose.ui.tooling.PreviewActivity"
48-->[androidx.compose.ui:ui-tooling:1.1.0-beta01] AndroidManifest.xml:26:13-71
49            android:exported="true" />
49-->[androidx.compose.ui:ui-tooling:1.1.0-beta01] AndroidManifest.xml:27:13-36
50        <activity
50-->[androidx.compose.ui:ui-test-manifest:1.1.0-beta01] AndroidManifest.xml:25:9-27:39
51            android:name="androidx.activity.ComponentActivity"
51-->[androidx.compose.ui:ui-test-manifest:1.1.0-beta01] AndroidManifest.xml:26:13-63
52            android:exported="true" />
52-->[androidx.compose.ui:ui-test-manifest:1.1.0-beta01] AndroidManifest.xml:27:13-36
53
54        <provider
54-->[androidx.lifecycle:lifecycle-process:2.1.0] AndroidManifest.xml:23:9-27:43
55            android:name="androidx.lifecycle.ProcessLifecycleOwnerInitializer"
55-->[androidx.lifecycle:lifecycle-process:2.1.0] AndroidManifest.xml:24:13-79
56            android:authorities="com.example.jetpackcomposepractice.lifecycle-process"
56-->[androidx.lifecycle:lifecycle-process:2.1.0] AndroidManifest.xml:25:13-69
57            android:exported="false"
57-->[androidx.lifecycle:lifecycle-process:2.1.0] AndroidManifest.xml:26:13-37
58            android:multiprocess="true" />
58-->[androidx.lifecycle:lifecycle-process:2.1.0] AndroidManifest.xml:27:13-40
59        <provider
59-->[androidx.profileinstaller:profileinstaller:1.1.0] AndroidManifest.xml:26:9-34:20
60            android:name="androidx.startup.InitializationProvider"
60-->[androidx.profileinstaller:profileinstaller:1.1.0] AndroidManifest.xml:27:13-67
61            android:authorities="com.example.jetpackcomposepractice.androidx-startup"
61-->[androidx.profileinstaller:profileinstaller:1.1.0] AndroidManifest.xml:28:13-68
62            android:exported="false" >
62-->[androidx.profileinstaller:profileinstaller:1.1.0] AndroidManifest.xml:29:13-37
63            <meta-data
63-->[androidx.profileinstaller:profileinstaller:1.1.0] AndroidManifest.xml:31:13-33:52
64                android:name="androidx.profileinstaller.ProfileInstallerInitializer"
64-->[androidx.profileinstaller:profileinstaller:1.1.0] AndroidManifest.xml:32:17-85
65                android:value="androidx.startup" />
65-->[androidx.profileinstaller:profileinstaller:1.1.0] AndroidManifest.xml:33:17-49
66        </provider>
67
68        <receiver
68-->[androidx.profileinstaller:profileinstaller:1.1.0] AndroidManifest.xml:36:9-45:20
69            android:name="androidx.profileinstaller.ProfileInstallReceiver"
69-->[androidx.profileinstaller:profileinstaller:1.1.0] AndroidManifest.xml:37:13-76
70            android:directBootAware="false"
70-->[androidx.profileinstaller:profileinstaller:1.1.0] AndroidManifest.xml:38:13-44
71            android:enabled="true"
71-->[androidx.profileinstaller:profileinstaller:1.1.0] AndroidManifest.xml:39:13-35
72            android:exported="true"
72-->[androidx.profileinstaller:profileinstaller:1.1.0] AndroidManifest.xml:40:13-36
73            android:permission="android.permission.DUMP" >
73-->[androidx.profileinstaller:profileinstaller:1.1.0] AndroidManifest.xml:41:13-57
74            <intent-filter>
74-->[androidx.profileinstaller:profileinstaller:1.1.0] AndroidManifest.xml:42:13-44:29
75                <action android:name="androidx.profileinstaller.action.INSTALL_PROFILE" />
75-->[androidx.profileinstaller:profileinstaller:1.1.0] AndroidManifest.xml:43:17-91
75-->[androidx.profileinstaller:profileinstaller:1.1.0] AndroidManifest.xml:43:25-88
76            </intent-filter>
77        </receiver>
78    </application>
79
80</manifest>